{"C:\\Users\\Alex\\Springboard\\Section 3\\37 - Cumulative Project 2 - Jobly\\helpers\\sql.js": {"path":"C:\\Users\\Alex\\Springboard\\Section 3\\37 - Cumulative Project 2 - Jobly\\helpers\\sql.js","statementMap":{"0":{"start":{"line":1,"column":28},"end":{"line":1,"column":54}},"1":{"start":{"line":18,"column":15},"end":{"line":18,"column":40}},"2":{"start":{"line":19,"column":2},"end":{"line":19,"column":62}},"3":{"start":{"line":19,"column":25},"end":{"line":19,"column":62}},"4":{"start":{"line":22,"column":15},"end":{"line":24,"column":3}},"5":{"start":{"line":23,"column":6},"end":{"line":23,"column":52}},"6":{"start":{"line":26,"column":2},"end":{"line":29,"column":4}},"7":{"start":{"line":32,"column":0},"end":{"line":32,"column":41}}},"fnMap":{"0":{"name":"sqlForPartialUpdate","decl":{"start":{"line":17,"column":9},"end":{"line":17,"column":28}},"loc":{"start":{"line":17,"column":52},"end":{"line":30,"column":1}},"line":17},"1":{"name":"(anonymous_1)","decl":{"start":{"line":22,"column":24},"end":{"line":22,"column":25}},"loc":{"start":{"line":23,"column":6},"end":{"line":23,"column":52}},"line":23}},"branchMap":{"0":{"loc":{"start":{"line":19,"column":2},"end":{"line":19,"column":62}},"type":"if","locations":[{"start":{"line":19,"column":2},"end":{"line":19,"column":62}},{"start":{},"end":{}}],"line":19},"1":{"loc":{"start":{"line":23,"column":10},"end":{"line":23,"column":37}},"type":"binary-expr","locations":[{"start":{"line":23,"column":10},"end":{"line":23,"column":26}},{"start":{"line":23,"column":30},"end":{"line":23,"column":37}}],"line":23}},"s":{"0":1,"1":1,"2":1,"3":0,"4":1,"5":3,"6":1,"7":1},"f":{"0":1,"1":3},"b":{"0":[0,1],"1":[3,3]},"_coverageSchema":"1a1c01bbd47fc00a2c39e90264f33305004495a9","hash":"f63e911666232789183ca9e7d9541aecf80fb15e"}
}
