TN:
SF:app.js
FN:30,(anonymous_0)
FN:35,(anonymous_1)
FNF:2
FNH:2
FNDA:2,(anonymous_0)
FNDA:30,(anonymous_1)
DA:5,4
DA:6,4
DA:8,4
DA:10,4
DA:11,4
DA:12,4
DA:13,4
DA:15,4
DA:17,4
DA:19,4
DA:20,4
DA:21,4
DA:22,4
DA:24,4
DA:25,4
DA:26,4
DA:30,4
DA:31,2
DA:35,4
DA:36,30
DA:37,30
DA:38,30
DA:40,30
DA:45,4
LF:24
LH:24
BRDA:36,0,0,1
BRDA:36,0,1,29
BRDA:37,1,0,30
BRDA:37,1,1,1
BRF:4
BRH:4
end_of_record
TN:
SF:config.js
FN:17,getDatabaseUri
FNF:1
FNH:1
FNDA:19,getDatabaseUri
DA:5,9
DA:6,9
DA:8,9
DA:9,9
DA:10,9
DA:11,9
DA:12,9
DA:14,9
DA:18,19
DA:26,9
DA:28,9
DA:29,9
DA:30,9
DA:31,9
DA:32,9
DA:33,9
DA:35,9
LF:17
LH:17
BRDA:8,0,0,9
BRDA:8,0,1,8
BRDA:10,1,0,9
BRDA:10,1,1,0
BRDA:11,2,0,9
BRDA:11,2,1,9
BRDA:12,3,0,9
BRDA:12,3,1,9
BRDA:14,4,0,9
BRDA:14,4,1,8
BRDA:18,5,0,16
BRDA:18,5,1,3
BRDA:20,6,0,3
BRDA:20,6,1,1
BRDA:26,7,0,8
BRDA:26,7,1,1
BRF:16
BRH:15
end_of_record
TN:
SF:db.js
FNF:0
FNH:0
DA:3,7
DA:4,7
DA:8,7
DA:10,7
DA:11,0
DA:16,7
DA:21,7
DA:23,7
LF:8
LH:7
BRDA:10,0,0,0
BRDA:10,0,1,7
BRF:2
BRH:1
end_of_record
TN:
SF:expressError.js
FN:8,(anonymous_0)
FN:18,(anonymous_1)
FN:26,(anonymous_2)
FN:34,(anonymous_3)
FN:42,(anonymous_4)
FNF:5
FNH:4
FNDA:44,(anonymous_0)
FNDA:14,(anonymous_1)
FNDA:13,(anonymous_2)
FNDA:15,(anonymous_3)
FNDA:0,(anonymous_4)
DA:9,44
DA:10,44
DA:11,44
DA:19,14
DA:27,13
DA:35,15
DA:43,0
DA:47,8
LF:8
LH:7
BRDA:18,0,0,2
BRDA:26,1,0,9
BRDA:34,2,0,0
BRDA:42,3,0,0
BRF:4
BRH:2
end_of_record
TN:
SF:helpers/sql.js
FN:17,sqlForPartialUpdate
FN:22,(anonymous_1)
FNF:2
FNH:2
FNDA:14,sqlForPartialUpdate
FNDA:26,(anonymous_1)
DA:1,7
DA:18,14
DA:19,14
DA:22,12
DA:23,26
DA:26,12
DA:32,7
LF:7
LH:7
BRDA:19,0,0,2
BRDA:19,0,1,12
BRDA:23,1,0,26
BRDA:23,1,1,14
BRF:4
BRH:4
end_of_record
TN:
SF:helpers/tokens.js
FN:6,createToken
FNF:1
FNH:1
FNDA:10,createToken
DA:1,5
DA:2,5
DA:7,10
DA:10,10
DA:15,10
DA:18,5
LF:6
LH:6
BRDA:12,0,0,10
BRDA:12,0,1,7
BRF:2
BRH:2
end_of_record
TN:
SF:middleware/auth.js
FN:19,authenticateJWT
FN:40,ensureLoggedIn
FN:55,ensureAdmin
FNF:3
FNH:3
FNDA:75,authenticateJWT
FNDA:33,ensureLoggedIn
FNDA:11,ensureAdmin
DA:5,5
DA:6,5
DA:7,5
DA:8,5
DA:20,75
DA:21,75
DA:22,75
DA:23,47
DA:24,47
DA:26,46
DA:27,44
DA:29,71
DA:31,4
DA:41,33
DA:42,33
DA:44,25
DA:46,8
DA:56,11
DA:57,11
DA:59,10
DA:61,1
DA:67,5
LF:22
LH:22
BRDA:21,0,0,75
BRDA:21,0,1,74
BRDA:22,1,0,47
BRDA:22,1,1,28
BRDA:42,2,0,8
BRDA:42,2,1,25
BRDA:57,3,0,1
BRDA:57,3,1,10
BRF:8
BRH:8
end_of_record
TN:
SF:models/_testCommon.js
FN:6,commonBeforeAll
FN:33,commonBeforeEach
FN:37,commonAfterEach
FN:41,commonAfterAll
FNF:4
FNH:4
FNDA:2,commonBeforeAll
FNDA:34,commonBeforeEach
FNDA:34,commonAfterEach
FNDA:2,commonAfterAll
DA:1,2
DA:3,2
DA:4,2
DA:8,2
DA:10,2
DA:12,2
DA:18,2
DA:34,34
DA:38,34
DA:42,2
DA:46,2
LF:11
LH:11
BRF:0
BRH:0
end_of_record
TN:
SF:models/company.js
FN:19,(anonymous_0)
FN:53,(anonymous_1)
FN:75,(anonymous_2)
FN:106,(anonymous_3)
FN:138,(anonymous_4)
FN:162,(anonymous_5)
FN:176,(anonymous_6)
FNF:7
FNH:7
FNDA:13,(anonymous_0)
FNDA:3,(anonymous_1)
FNDA:5,(anonymous_2)
FNDA:6,(anonymous_3)
FNDA:4,(anonymous_4)
FNDA:8,(anonymous_5)
FNDA:12,(anonymous_6)
DA:3,5
DA:4,5
DA:5,5
DA:20,13
DA:26,13
DA:27,1
DA:29,12
DA:42,12
DA:44,12
DA:54,3
DA:63,2
DA:76,5
DA:86,5
DA:88,5
DA:90,3
DA:108,6
DA:114,5
DA:116,5
DA:124,5
DA:125,5
DA:127,5
DA:129,3
DA:139,4
DA:145,4
DA:147,4
DA:163,8
DA:164,8
DA:166,1
DA:169,7
DA:170,1
DA:173,6
DA:174,6
DA:176,6
DA:177,12
DA:178,5
DA:181,7
DA:182,3
DA:185,4
DA:186,4
DA:187,4
DA:192,6
DA:194,6
DA:203,6
DA:205,6
DA:212,5
LF:45
LH:45
BRDA:26,0,0,1
BRDA:26,0,1,12
BRDA:88,1,0,2
BRDA:88,1,1,3
BRDA:127,2,0,2
BRDA:127,2,1,3
BRDA:147,3,0,2
BRDA:147,3,1,2
BRDA:169,4,0,1
BRDA:169,4,1,6
BRDA:177,5,0,5
BRDA:177,5,1,7
BRDA:181,6,0,3
BRDA:181,6,1,4
BRDA:185,7,0,4
BRDA:185,7,1,0
BRF:16
BRH:15
end_of_record
TN:
SF:models/user.js
FN:24,(anonymous_0)
FN:59,(anonymous_1)
FN:104,(anonymous_2)
FN:126,(anonymous_3)
FN:162,(anonymous_4)
FN:195,(anonymous_5)
FNF:6
FNH:6
FNDA:7,(anonymous_0)
FNDA:16,(anonymous_1)
FNDA:2,(anonymous_2)
FNDA:5,(anonymous_3)
FNDA:7,(anonymous_4)
FNDA:4,(anonymous_5)
DA:3,5
DA:4,5
DA:5,5
DA:10,5
DA:12,5
DA:26,7
DA:38,7
DA:40,7
DA:42,4
DA:43,4
DA:44,3
DA:45,3
DA:49,4
DA:61,16
DA:68,16
DA:69,1
DA:72,15
DA:74,15
DA:94,15
DA:96,15
DA:105,2
DA:115,2
DA:127,5
DA:138,5
DA:140,5
DA:142,3
DA:163,7
DA:164,2
DA:167,7
DA:174,6
DA:176,6
DA:184,6
DA:185,6
DA:187,6
DA:189,4
DA:190,4
DA:196,4
DA:203,4
DA:205,4
DA:210,5
LF:40
LH:40
BRDA:40,0,0,4
BRDA:40,0,1,3
BRDA:43,1,0,3
BRDA:43,1,1,1
BRDA:68,2,0,1
BRDA:68,2,1,15
BRDA:140,3,0,2
BRDA:140,3,1,3
BRDA:163,4,0,2
BRDA:163,4,1,5
BRDA:187,5,0,2
BRDA:187,5,1,4
BRDA:205,6,0,2
BRDA:205,6,1,2
BRF:14
BRH:14
end_of_record
TN:
SF:routes/_testCommon.js
FN:8,commonBeforeAll
FN:65,commonBeforeEach
FN:69,commonAfterEach
FN:73,commonAfterAll
FNF:4
FNH:4
FNDA:3,commonBeforeAll
FNDA:44,commonBeforeEach
FNDA:44,commonAfterEach
FNDA:3,commonAfterAll
DA:3,3
DA:4,3
DA:5,3
DA:6,3
DA:10,3
DA:12,3
DA:14,3
DA:22,3
DA:30,3
DA:39,3
DA:47,3
DA:55,3
DA:66,44
DA:70,44
DA:74,3
DA:78,3
DA:81,3
LF:17
LH:17
BRF:0
BRH:0
end_of_record
TN:
SF:routes/auth.js
FN:22,(anonymous_0)
FN:26,(anonymous_1)
FN:49,(anonymous_2)
FN:53,(anonymous_3)
FNF:4
FNH:4
FNDA:5,(anonymous_0)
FNDA:2,(anonymous_1)
FNDA:3,(anonymous_2)
FNDA:5,(anonymous_3)
DA:5,4
DA:7,4
DA:8,4
DA:9,4
DA:10,4
DA:11,4
DA:12,4
DA:13,4
DA:22,4
DA:23,5
DA:24,5
DA:25,5
DA:26,2
DA:27,2
DA:30,3
DA:31,3
DA:32,1
DA:33,1
DA:35,4
DA:49,4
DA:50,3
DA:51,3
DA:52,3
DA:53,5
DA:54,2
DA:57,1
DA:58,1
DA:59,1
DA:61,2
DA:66,4
LF:30
LH:30
BRDA:25,0,0,2
BRDA:25,0,1,3
BRDA:52,1,0,2
BRDA:52,1,1,1
BRF:4
BRH:4
end_of_record
TN:
SF:routes/companies.js
FN:27,(anonymous_0)
FN:31,(anonymous_1)
FN:53,(anonymous_2)
FN:79,(anonymous_3)
FN:99,(anonymous_4)
FN:103,(anonymous_5)
FN:126,(anonymous_6)
FNF:7
FNH:7
FNDA:3,(anonymous_0)
FNDA:3,(anonymous_1)
FNDA:2,(anonymous_2)
FNDA:3,(anonymous_3)
FNDA:4,(anonymous_4)
FNDA:2,(anonymous_5)
FNDA:2,(anonymous_6)
DA:5,4
DA:6,4
DA:8,4
DA:9,4
DA:10,4
DA:12,4
DA:13,4
DA:15,4
DA:27,4
DA:28,3
DA:29,3
DA:30,3
DA:31,3
DA:32,2
DA:35,1
DA:36,1
DA:38,2
DA:53,4
DA:54,2
DA:57,2
DA:58,2
DA:60,0
DA:63,1
DA:66,1
DA:79,4
DA:80,3
DA:81,3
DA:82,2
DA:84,1
DA:99,4
DA:100,4
DA:101,4
DA:102,4
DA:103,2
DA:104,2
DA:107,2
DA:108,2
DA:109,2
DA:110,1
DA:112,3
DA:121,4
DA:127,2
DA:128,2
DA:129,1
DA:131,1
DA:137,4
LF:46
LH:45
BRDA:30,0,0,2
BRDA:30,0,1,1
BRDA:57,1,0,2
BRDA:57,1,1,0
BRDA:102,2,0,2
BRDA:102,2,1,2
BRF:6
BRH:5
end_of_record
TN:
SF:routes/users.js
FN:30,(anonymous_0)
FN:34,(anonymous_1)
FN:59,(anonymous_2)
FN:81,(anonymous_3)
FN:111,(anonymous_4)
FN:115,(anonymous_5)
FN:137,(anonymous_6)
FNF:7
FNH:7
FNDA:4,(anonymous_0)
FNDA:5,(anonymous_1)
FNDA:1,(anonymous_2)
FNDA:3,(anonymous_3)
FNDA:4,(anonymous_4)
FNDA:1,(anonymous_5)
FNDA:2,(anonymous_6)
DA:5,4
DA:7,4
DA:8,4
DA:9,4
DA:10,4
DA:11,4
DA:12,4
DA:13,4
DA:15,4
DA:30,4
DA:31,4
DA:32,4
DA:33,4
DA:34,5
DA:35,2
DA:38,2
DA:39,2
DA:40,2
DA:42,2
DA:54,4
DA:60,1
DA:61,1
DA:62,1
DA:64,0
DA:77,4
DA:82,3
DA:84,3
DA:85,2
DA:86,2
DA:88,0
DA:90,1
DA:106,4
DA:112,4
DA:113,4
DA:114,4
DA:115,1
DA:116,1
DA:120,3
DA:121,2
DA:122,2
DA:124,0
DA:126,2
DA:137,4
DA:138,2
DA:139,2
DA:141,2
DA:142,1
DA:144,0
DA:146,1
DA:151,4
LF:50
LH:46
BRDA:33,0,0,2
BRDA:33,0,1,2
BRDA:85,1,0,2
BRDA:85,1,1,0
BRDA:85,2,0,2
BRDA:85,2,1,1
BRDA:114,3,0,1
BRDA:114,3,1,3
BRDA:121,4,0,2
BRDA:121,4,1,0
BRDA:121,5,0,2
BRDA:121,5,1,0
BRDA:139,6,0,2
BRDA:139,6,1,0
BRDA:139,7,0,2
BRDA:139,7,1,1
BRF:16
BRH:12
end_of_record
