{"/Users/alex-m-howard/Programming/Springboard/Section 3/35 - Express & Postgres/35.2-Node - Postgres Relationships/exercise/routes/companies.js": {"path":"/Users/alex-m-howard/Programming/Springboard/Section 3/35 - Express & Postgres/35.2-Node - Postgres Relationships/exercise/routes/companies.js","statementMap":{"0":{"start":{"line":1,"column":16},"end":{"line":1,"column":34}},"1":{"start":{"line":2,"column":21},"end":{"line":2,"column":47}},"2":{"start":{"line":3,"column":15},"end":{"line":3,"column":35}},"3":{"start":{"line":4,"column":11},"end":{"line":4,"column":27}},"4":{"start":{"line":6,"column":0},"end":{"line":16,"column":2}},"5":{"start":{"line":7,"column":4},"end":{"line":15,"column":5}},"6":{"start":{"line":8,"column":24},"end":{"line":9,"column":33}},"7":{"start":{"line":11,"column":8},"end":{"line":11,"column":53}},"8":{"start":{"line":14,"column":8},"end":{"line":14,"column":18}},"9":{"start":{"line":18,"column":0},"end":{"line":37,"column":2}},"10":{"start":{"line":19,"column":4},"end":{"line":36,"column":5}},"11":{"start":{"line":20,"column":27},"end":{"line":21,"column":66}},"12":{"start":{"line":23,"column":26},"end":{"line":24,"column":71}},"13":{"start":{"line":26,"column":8},"end":{"line":26,"column":111}},"14":{"start":{"line":26,"column":42},"end":{"line":26,"column":109}},"15":{"start":{"line":28,"column":24},"end":{"line":28,"column":42}},"16":{"start":{"line":29,"column":25},"end":{"line":29,"column":39}},"17":{"start":{"line":31,"column":8},"end":{"line":31,"column":54}},"18":{"start":{"line":31,"column":47},"end":{"line":31,"column":53}},"19":{"start":{"line":32,"column":8},"end":{"line":32,"column":60}},"20":{"start":{"line":35,"column":8},"end":{"line":35,"column":18}},"21":{"start":{"line":39,"column":0},"end":{"line":53,"column":2}},"22":{"start":{"line":40,"column":4},"end":{"line":52,"column":5}},"23":{"start":{"line":41,"column":44},"end":{"line":41,"column":52}},"24":{"start":{"line":43,"column":24},"end":{"line":46,"column":48}},"25":{"start":{"line":48,"column":8},"end":{"line":48,"column":63}},"26":{"start":{"line":51,"column":8},"end":{"line":51,"column":18}},"27":{"start":{"line":55,"column":0},"end":{"line":73,"column":2}},"28":{"start":{"line":56,"column":4},"end":{"line":72,"column":5}},"29":{"start":{"line":57,"column":38},"end":{"line":57,"column":46}},"30":{"start":{"line":59,"column":24},"end":{"line":65,"column":9}},"31":{"start":{"line":67,"column":8},"end":{"line":67,"column":106}},"32":{"start":{"line":67,"column":38},"end":{"line":67,"column":105}},"33":{"start":{"line":68,"column":8},"end":{"line":68,"column":63}},"34":{"start":{"line":71,"column":8},"end":{"line":71,"column":18}},"35":{"start":{"line":75,"column":0},"end":{"line":90,"column":2}},"36":{"start":{"line":76,"column":4},"end":{"line":89,"column":5}},"37":{"start":{"line":77,"column":24},"end":{"line":82,"column":9}},"38":{"start":{"line":84,"column":8},"end":{"line":84,"column":106}},"39":{"start":{"line":84,"column":38},"end":{"line":84,"column":105}},"40":{"start":{"line":85,"column":8},"end":{"line":85,"column":60}},"41":{"start":{"line":88,"column":8},"end":{"line":88,"column":18}},"42":{"start":{"line":93,"column":0},"end":{"line":93,"column":24}}},"fnMap":{"0":{"name":"(anonymous_0)","decl":{"start":{"line":6,"column":16},"end":{"line":6,"column":17}},"loc":{"start":{"line":6,"column":48},"end":{"line":16,"column":1}},"line":6},"1":{"name":"(anonymous_1)","decl":{"start":{"line":18,"column":21},"end":{"line":18,"column":22}},"loc":{"start":{"line":18,"column":53},"end":{"line":37,"column":1}},"line":18},"2":{"name":"(anonymous_2)","decl":{"start":{"line":31,"column":40},"end":{"line":31,"column":41}},"loc":{"start":{"line":31,"column":47},"end":{"line":31,"column":53}},"line":31},"3":{"name":"(anonymous_3)","decl":{"start":{"line":39,"column":17},"end":{"line":39,"column":18}},"loc":{"start":{"line":39,"column":49},"end":{"line":53,"column":1}},"line":39},"4":{"name":"(anonymous_4)","decl":{"start":{"line":55,"column":23},"end":{"line":55,"column":24}},"loc":{"start":{"line":55,"column":55},"end":{"line":73,"column":1}},"line":55},"5":{"name":"(anonymous_5)","decl":{"start":{"line":75,"column":24},"end":{"line":75,"column":25}},"loc":{"start":{"line":75,"column":56},"end":{"line":90,"column":1}},"line":75}},"branchMap":{"0":{"loc":{"start":{"line":26,"column":8},"end":{"line":26,"column":111}},"type":"if","locations":[{"start":{"line":26,"column":8},"end":{"line":26,"column":111}},{"start":{},"end":{}}],"line":26},"1":{"loc":{"start":{"line":67,"column":8},"end":{"line":67,"column":106}},"type":"if","locations":[{"start":{"line":67,"column":8},"end":{"line":67,"column":106}},{"start":{},"end":{}}],"line":67},"2":{"loc":{"start":{"line":84,"column":8},"end":{"line":84,"column":106}},"type":"if","locations":[{"start":{"line":84,"column":8},"end":{"line":84,"column":106}},{"start":{},"end":{}}],"line":84}},"s":{"0":1,"1":1,"2":1,"3":1,"4":1,"5":1,"6":1,"7":1,"8":0,"9":1,"10":2,"11":2,"12":2,"13":2,"14":1,"15":1,"16":1,"17":1,"18":2,"19":1,"20":1,"21":1,"22":1,"23":1,"24":1,"25":1,"26":0,"27":1,"28":2,"29":2,"30":2,"31":2,"32":1,"33":1,"34":1,"35":1,"36":2,"37":2,"38":2,"39":1,"40":1,"41":1,"42":1},"f":{"0":1,"1":2,"2":2,"3":1,"4":2,"5":2},"b":{"0":[1,1],"1":[1,1],"2":[1,1]},"_coverageSchema":"1a1c01bbd47fc00a2c39e90264f33305004495a9","hash":"83e984c1162927a86178ee560e6b8186eb655ff6"}
,"/Users/alex-m-howard/Programming/Springboard/Section 3/35 - Express & Postgres/35.2-Node - Postgres Relationships/exercise/routes/invoices.js": {"path":"/Users/alex-m-howard/Programming/Springboard/Section 3/35 - Express & Postgres/35.2-Node - Postgres Relationships/exercise/routes/invoices.js","statementMap":{"0":{"start":{"line":1,"column":16},"end":{"line":1,"column":34}},"1":{"start":{"line":2,"column":21},"end":{"line":2,"column":47}},"2":{"start":{"line":3,"column":15},"end":{"line":3,"column":35}},"3":{"start":{"line":4,"column":11},"end":{"line":4,"column":27}},"4":{"start":{"line":6,"column":0},"end":{"line":15,"column":3}},"5":{"start":{"line":7,"column":2},"end":{"line":14,"column":3}},"6":{"start":{"line":8,"column":20},"end":{"line":9,"column":32}},"7":{"start":{"line":11,"column":4},"end":{"line":11,"column":48}},"8":{"start":{"line":13,"column":4},"end":{"line":13,"column":14}},"9":{"start":{"line":17,"column":0},"end":{"line":43,"column":3}},"10":{"start":{"line":18,"column":2},"end":{"line":42,"column":3}},"11":{"start":{"line":19,"column":20},"end":{"line":34,"column":5}},"12":{"start":{"line":36,"column":4},"end":{"line":38,"column":5}},"13":{"start":{"line":37,"column":6},"end":{"line":37,"column":72}},"14":{"start":{"line":39,"column":4},"end":{"line":39,"column":59}},"15":{"start":{"line":41,"column":4},"end":{"line":41,"column":14}},"16":{"start":{"line":45,"column":0},"end":{"line":61,"column":3}},"17":{"start":{"line":46,"column":2},"end":{"line":60,"column":3}},"18":{"start":{"line":47,"column":31},"end":{"line":47,"column":39}},"19":{"start":{"line":49,"column":20},"end":{"line":55,"column":5}},"20":{"start":{"line":57,"column":4},"end":{"line":57,"column":59}},"21":{"start":{"line":59,"column":4},"end":{"line":59,"column":14}},"22":{"start":{"line":63,"column":0},"end":{"line":82,"column":3}},"23":{"start":{"line":64,"column":2},"end":{"line":81,"column":3}},"24":{"start":{"line":65,"column":20},"end":{"line":65,"column":28}},"25":{"start":{"line":67,"column":20},"end":{"line":73,"column":5}},"26":{"start":{"line":75,"column":4},"end":{"line":77,"column":5}},"27":{"start":{"line":76,"column":6},"end":{"line":76,"column":72}},"28":{"start":{"line":78,"column":4},"end":{"line":78,"column":59}},"29":{"start":{"line":80,"column":4},"end":{"line":80,"column":14}},"30":{"start":{"line":84,"column":0},"end":{"line":100,"column":3}},"31":{"start":{"line":85,"column":2},"end":{"line":99,"column":3}},"32":{"start":{"line":86,"column":20},"end":{"line":91,"column":5}},"33":{"start":{"line":93,"column":4},"end":{"line":95,"column":5}},"34":{"start":{"line":94,"column":6},"end":{"line":94,"column":72}},"35":{"start":{"line":96,"column":4},"end":{"line":96,"column":56}},"36":{"start":{"line":98,"column":4},"end":{"line":98,"column":14}},"37":{"start":{"line":102,"column":0},"end":{"line":102,"column":24}}},"fnMap":{"0":{"name":"(anonymous_0)","decl":{"start":{"line":6,"column":16},"end":{"line":6,"column":17}},"loc":{"start":{"line":6,"column":48},"end":{"line":15,"column":1}},"line":6},"1":{"name":"(anonymous_1)","decl":{"start":{"line":17,"column":19},"end":{"line":17,"column":20}},"loc":{"start":{"line":17,"column":51},"end":{"line":43,"column":1}},"line":17},"2":{"name":"(anonymous_2)","decl":{"start":{"line":45,"column":17},"end":{"line":45,"column":18}},"loc":{"start":{"line":45,"column":49},"end":{"line":61,"column":1}},"line":45},"3":{"name":"(anonymous_3)","decl":{"start":{"line":63,"column":21},"end":{"line":63,"column":22}},"loc":{"start":{"line":63,"column":53},"end":{"line":82,"column":1}},"line":63},"4":{"name":"(anonymous_4)","decl":{"start":{"line":84,"column":22},"end":{"line":84,"column":23}},"loc":{"start":{"line":84,"column":54},"end":{"line":100,"column":1}},"line":84}},"branchMap":{"0":{"loc":{"start":{"line":36,"column":4},"end":{"line":38,"column":5}},"type":"if","locations":[{"start":{"line":36,"column":4},"end":{"line":38,"column":5}},{"start":{},"end":{}}],"line":36},"1":{"loc":{"start":{"line":75,"column":4},"end":{"line":77,"column":5}},"type":"if","locations":[{"start":{"line":75,"column":4},"end":{"line":77,"column":5}},{"start":{},"end":{}}],"line":75},"2":{"loc":{"start":{"line":93,"column":4},"end":{"line":95,"column":5}},"type":"if","locations":[{"start":{"line":93,"column":4},"end":{"line":95,"column":5}},{"start":{},"end":{}}],"line":93}},"s":{"0":1,"1":1,"2":1,"3":1,"4":1,"5":0,"6":0,"7":0,"8":0,"9":1,"10":0,"11":0,"12":0,"13":0,"14":0,"15":0,"16":1,"17":0,"18":0,"19":0,"20":0,"21":0,"22":1,"23":0,"24":0,"25":0,"26":0,"27":0,"28":0,"29":0,"30":1,"31":0,"32":0,"33":0,"34":0,"35":0,"36":0,"37":1},"f":{"0":0,"1":0,"2":0,"3":0,"4":0},"b":{"0":[0,0],"1":[0,0],"2":[0,0]},"_coverageSchema":"1a1c01bbd47fc00a2c39e90264f33305004495a9","hash":"fb605a35a14b1f1088747a3e9624dc12bd500ecd"}
}
