TN:
SF:companies.js
FN:6,(anonymous_0)
FN:18,(anonymous_1)
FN:31,(anonymous_2)
FN:39,(anonymous_3)
FN:55,(anonymous_4)
FN:75,(anonymous_5)
FNF:6
FNH:6
FNDA:1,(anonymous_0)
FNDA:2,(anonymous_1)
FNDA:2,(anonymous_2)
FNDA:1,(anonymous_3)
FNDA:2,(anonymous_4)
FNDA:2,(anonymous_5)
DA:1,1
DA:2,1
DA:3,1
DA:4,1
DA:6,1
DA:7,1
DA:8,1
DA:11,1
DA:14,0
DA:18,1
DA:19,2
DA:20,2
DA:23,2
DA:26,2
DA:28,1
DA:29,1
DA:31,2
DA:32,1
DA:35,1
DA:39,1
DA:40,1
DA:41,1
DA:43,1
DA:48,1
DA:51,0
DA:55,1
DA:56,2
DA:57,2
DA:59,2
DA:67,2
DA:68,1
DA:71,1
DA:75,1
DA:76,2
DA:77,2
DA:84,2
DA:85,1
DA:88,1
DA:93,1
LF:39
LH:37
BRDA:26,0,0,1
BRDA:26,0,1,1
BRDA:67,1,0,1
BRDA:67,1,1,1
BRDA:84,2,0,1
BRDA:84,2,1,1
BRF:6
BRH:6
end_of_record
TN:
SF:invoices.js
FN:6,(anonymous_0)
FN:17,(anonymous_1)
FN:45,(anonymous_2)
FN:63,(anonymous_3)
FN:84,(anonymous_4)
FNF:5
FNH:0
FNDA:0,(anonymous_0)
FNDA:0,(anonymous_1)
FNDA:0,(anonymous_2)
FNDA:0,(anonymous_3)
FNDA:0,(anonymous_4)
DA:1,1
DA:2,1
DA:3,1
DA:4,1
DA:6,1
DA:7,0
DA:8,0
DA:11,0
DA:13,0
DA:17,1
DA:18,0
DA:19,0
DA:36,0
DA:37,0
DA:39,0
DA:41,0
DA:45,1
DA:46,0
DA:47,0
DA:49,0
DA:57,0
DA:59,0
DA:63,1
DA:64,0
DA:65,0
DA:67,0
DA:75,0
DA:76,0
DA:78,0
DA:80,0
DA:84,1
DA:85,0
DA:86,0
DA:93,0
DA:94,0
DA:96,0
DA:98,0
DA:102,1
LF:38
LH:10
BRDA:36,0,0,0
BRDA:36,0,1,0
BRDA:75,1,0,0
BRDA:75,1,1,0
BRDA:93,2,0,0
BRDA:93,2,1,0
BRF:6
BRH:0
end_of_record
